<?xml version="1.0" encoding="UTF-8"?>
<!-- Generated by org.testng.reporters.JUnitReportReporter -->
<testsuite hostname="TPE35" failures="0" tests="1" name="TestNgBasic.SecondTestng" time="0.004" errors="0" timestamp="2022-01-23T02:11:09 IST" skipped="0">
  <testcase classname="TestNgBasic.SecondTestng" name="login" time="0.004"/>
  <system-out/>
</testsuite> <!-- TestNgBasic.SecondTestng -->
