<?xml version="1.0" encoding="UTF-8"?>
<!-- Generated by org.testng.reporters.JUnitReportReporter -->
<testsuite hostname="TPE35" failures="0" tests="1" name="TestNgBasic.FirstTestng" time="0.011" errors="0" timestamp="2022-01-23T02:11:09 IST" skipped="0">
  <testcase classname="TestNgBasic.FirstTestng" name="login" time="0.011"/>
  <system-out/>
</testsuite> <!-- TestNgBasic.FirstTestng -->
